{"level":"info","ts":"2025-05-01T16:33:49.675+0330","caller":"database/postgres.go:37","msg":"postgres started","AppName":"DigiMovie","LoggerType":"Zaplogger","Category":"Postgres","SubCategory":"Startup"}
{"level":"info","ts":"2025-05-01T16:34:42.970+0330","caller":"database/postgres.go:37","msg":"postgres started","AppName":"DigiMovie","LoggerType":"Zaplogger","Category":"Postgres","SubCategory":"Startup"}
{"level":"info","ts":"2025-05-01T16:34:54.741+0330","caller":"services/otp.go:48","msg":"new otp added to redis","AppName":"DigiMovie","LoggerType":"Zaplogger","Category":"Otp","SubCategory":"add"}
{"level":"info","ts":"2025-05-01T16:34:56.548+0330","caller":"services/otp.go:48","msg":"new otp added to redis","AppName":"DigiMovie","LoggerType":"Zaplogger","Category":"Otp","SubCategory":"add"}
{"level":"info","ts":"2025-05-01T16:38:14.440+0330","caller":"database/postgres.go:37","msg":"postgres started","AppName":"DigiMovie","LoggerType":"Zaplogger","Category":"Postgres","SubCategory":"Startup"}
{"level":"info","ts":"2025-05-01T16:38:31.627+0330","caller":"services/otp.go:48","msg":"new otp added to redis","AppName":"DigiMovie","LoggerType":"Zaplogger","SubCategory":"add","Category":"Otp"}
{"level":"info","ts":"2025-05-01T16:38:47.593+0330","caller":"services/otp.go:48","msg":"new otp added to redis","AppName":"DigiMovie","LoggerType":"Zaplogger","Category":"Otp","SubCategory":"add"}
{"level":"info","ts":"2025-05-01T16:38:47.755+0330","caller":"services/otp.go:48","msg":"new otp added to redis","AppName":"DigiMovie","LoggerType":"Zaplogger","Category":"Otp","SubCategory":"add"}
{"level":"info","ts":"2025-05-01T16:38:47.868+0330","caller":"services/otp.go:48","msg":"new otp added to redis","AppName":"DigiMovie","LoggerType":"Zaplogger","Category":"Otp","SubCategory":"add"}
{"level":"info","ts":"2025-05-01T16:38:48.032+0330","caller":"services/otp.go:48","msg":"new otp added to redis","AppName":"DigiMovie","LoggerType":"Zaplogger","Category":"Otp","SubCategory":"add"}
{"level":"info","ts":"2025-05-01T16:38:48.166+0330","caller":"services/otp.go:48","msg":"new otp added to redis","AppName":"DigiMovie","LoggerType":"Zaplogger","Category":"Otp","SubCategory":"add"}
{"level":"info","ts":"2025-05-01T16:38:48.322+0330","caller":"services/otp.go:48","msg":"new otp added to redis","AppName":"DigiMovie","LoggerType":"Zaplogger","Category":"Otp","SubCategory":"add"}
{"level":"info","ts":"2025-05-01T16:38:48.457+0330","caller":"services/otp.go:48","msg":"new otp added to redis","AppName":"DigiMovie","LoggerType":"Zaplogger","Category":"Otp","SubCategory":"add"}
{"level":"info","ts":"2025-05-01T16:38:48.578+0330","caller":"services/otp.go:48","msg":"new otp added to redis","AppName":"DigiMovie","LoggerType":"Zaplogger","Category":"Otp","SubCategory":"add"}
{"level":"info","ts":"2025-05-01T16:38:48.713+0330","caller":"services/otp.go:48","msg":"new otp added to redis","AppName":"DigiMovie","LoggerType":"Zaplogger","Category":"Otp","SubCategory":"add"}
{"level":"info","ts":"2025-05-01T16:38:48.914+0330","caller":"services/otp.go:48","msg":"new otp added to redis","AppName":"DigiMovie","LoggerType":"Zaplogger","Category":"Otp","SubCategory":"add"}
{"level":"info","ts":"2025-05-01T16:38:49.053+0330","caller":"services/otp.go:48","msg":"new otp added to redis","AppName":"DigiMovie","LoggerType":"Zaplogger","Category":"Otp","SubCategory":"add"}
{"level":"info","ts":"2025-05-01T16:38:49.365+0330","caller":"services/otp.go:48","msg":"new otp added to redis","AppName":"DigiMovie","LoggerType":"Zaplogger","Category":"Otp","SubCategory":"add"}
{"level":"info","ts":"2025-05-01T16:41:24.751+0330","caller":"database/postgres.go:37","msg":"postgres started","AppName":"DigiMovie","LoggerType":"Zaplogger","SubCategory":"Startup","Category":"Postgres"}
{"level":"info","ts":"2025-05-01T16:41:39.227+0330","caller":"services/otp.go:48","msg":"new otp added to redis","AppName":"DigiMovie","LoggerType":"Zaplogger","Category":"Otp","SubCategory":"add"}
{"level":"info","ts":"2025-05-01T16:45:53.606+0330","caller":"database/postgres.go:37","msg":"postgres started","AppName":"DigiMovie","LoggerType":"Zaplogger","Category":"Postgres","SubCategory":"Startup"}
{"level":"info","ts":"2025-05-01T16:46:08.451+0330","caller":"services/otp.go:52","msg":"new otp added to redis","AppName":"DigiMovie","LoggerType":"Zaplogger","Category":"Otp","SubCategory":"add"}
{"level":"info","ts":"2025-05-01T17:04:39.379+0330","caller":"database/postgres.go:37","msg":"postgres started","AppName":"DigiMovie","LoggerType":"Zaplogger","Category":"Postgres","SubCategory":"Startup"}
{"level":"info","ts":"2025-05-01T17:05:03.860+0330","caller":"services/otp.go:52","msg":"new otp added to redis","AppName":"DigiMovie","LoggerType":"Zaplogger","Category":"Otp","SubCategory":"add"}
{"level":"info","ts":"2025-05-01T17:05:03.862+0330","caller":"handlers/user.go:45","msg":"new otp added to redis","AppName":"DigiMovie","LoggerType":"Zaplogger","Category":"Otp","SubCategory":"add"}
{"level":"error","ts":"2025-05-01T17:06:23.836+0330","caller":"services/base_service.go:43","msg":"error in Creating new user","AppName":"DigiMovie","LoggerType":"Zaplogger","Category":"Postgres","SubCategory":"Insert","stacktrace":"digimovie/src/services.(*BaseService[...]).Create\n\tD:/arash_projects/DigiMovie/src/services/base_service.go:43\ndigimovie/src/handlers.(*UserHelper).ValidateOtpAndSignUp\n\tD:/arash_projects/DigiMovie/src/handlers/user.go:83\ngithub.com/gin-gonic/gin.(*Context).Next\n\tC:/Users/Milad Mahdavi/go/pkg/mod/github.com/gin-gonic/gin@v1.10.0/context.go:185\ngithub.com/gin-gonic/gin.LoggerWithConfig.func1\n\tC:/Users/Milad Mahdavi/go/pkg/mod/github.com/gin-gonic/gin@v1.10.0/logger.go:249\ngithub.com/gin-gonic/gin.(*Context).Next\n\tC:/Users/Milad Mahdavi/go/pkg/mod/github.com/gin-gonic/gin@v1.10.0/context.go:185\ngithub.com/gin-gonic/gin.CustomRecoveryWithWriter.func1\n\tC:/Users/Milad Mahdavi/go/pkg/mod/github.com/gin-gonic/gin@v1.10.0/recovery.go:102\ngithub.com/gin-gonic/gin.(*Context).Next\n\tC:/Users/Milad Mahdavi/go/pkg/mod/github.com/gin-gonic/gin@v1.10.0/context.go:185\ngithub.com/gin-gonic/gin.(*Engine).handleHTTPRequest\n\tC:/Users/Milad Mahdavi/go/pkg/mod/github.com/gin-gonic/gin@v1.10.0/gin.go:633\ngithub.com/gin-gonic/gin.(*Engine).ServeHTTP\n\tC:/Users/Milad Mahdavi/go/pkg/mod/github.com/gin-gonic/gin@v1.10.0/gin.go:589\nnet/http.serverHandler.ServeHTTP\n\tC:/Program Files (x86)/Go/src/net/http/server.go:3210\nnet/http.(*conn).serve\n\tC:/Program Files (x86)/Go/src/net/http/server.go:2092"}
{"level":"info","ts":"2025-05-01T17:08:30.020+0330","caller":"services/otp.go:52","msg":"new otp added to redis","AppName":"DigiMovie","LoggerType":"Zaplogger","Category":"Otp","SubCategory":"add"}
{"level":"info","ts":"2025-05-01T17:08:30.020+0330","caller":"handlers/user.go:45","msg":"new otp added to redis","AppName":"DigiMovie","LoggerType":"Zaplogger","SubCategory":"add","Category":"Otp"}
{"level":"info","ts":"2025-05-01T17:28:24.499+0330","caller":"database/postgres.go:37","msg":"postgres started","AppName":"DigiMovie","LoggerType":"Zaplogger","Category":"Postgres","SubCategory":"Startup"}
{"level":"info","ts":"2025-05-01T17:29:25.556+0330","caller":"services/otp.go:52","msg":"new otp added to redis","AppName":"DigiMovie","LoggerType":"Zaplogger","Category":"Otp","SubCategory":"add"}
{"level":"info","ts":"2025-05-01T17:29:25.559+0330","caller":"handlers/user.go:46","msg":"new otp added to redis","AppName":"DigiMovie","LoggerType":"Zaplogger","Category":"Otp","SubCategory":"add"}
{"level":"error","ts":"2025-05-01T17:29:54.470+0330","caller":"services/base_service.go:43","msg":"error in Creating new user","AppName":"DigiMovie","LoggerType":"Zaplogger","Category":"Postgres","SubCategory":"Insert","stacktrace":"digimovie/src/services.(*BaseService[...]).Create\n\tD:/arash_projects/DigiMovie/src/services/base_service.go:43\ndigimovie/src/handlers.(*UserHelper).ValidateOtpAndSignUp\n\tD:/arash_projects/DigiMovie/src/handlers/user.go:91\ngithub.com/gin-gonic/gin.(*Context).Next\n\tC:/Users/Milad Mahdavi/go/pkg/mod/github.com/gin-gonic/gin@v1.10.0/context.go:185\ngithub.com/gin-gonic/gin.LoggerWithConfig.func1\n\tC:/Users/Milad Mahdavi/go/pkg/mod/github.com/gin-gonic/gin@v1.10.0/logger.go:249\ngithub.com/gin-gonic/gin.(*Context).Next\n\tC:/Users/Milad Mahdavi/go/pkg/mod/github.com/gin-gonic/gin@v1.10.0/context.go:185\ngithub.com/gin-gonic/gin.CustomRecoveryWithWriter.func1\n\tC:/Users/Milad Mahdavi/go/pkg/mod/github.com/gin-gonic/gin@v1.10.0/recovery.go:102\ngithub.com/gin-gonic/gin.(*Context).Next\n\tC:/Users/Milad Mahdavi/go/pkg/mod/github.com/gin-gonic/gin@v1.10.0/context.go:185\ngithub.com/gin-gonic/gin.(*Engine).handleHTTPRequest\n\tC:/Users/Milad Mahdavi/go/pkg/mod/github.com/gin-gonic/gin@v1.10.0/gin.go:633\ngithub.com/gin-gonic/gin.(*Engine).ServeHTTP\n\tC:/Users/Milad Mahdavi/go/pkg/mod/github.com/gin-gonic/gin@v1.10.0/gin.go:589\nnet/http.serverHandler.ServeHTTP\n\tC:/Program Files (x86)/Go/src/net/http/server.go:3210\nnet/http.(*conn).serve\n\tC:/Program Files (x86)/Go/src/net/http/server.go:2092"}
{"level":"info","ts":"2025-05-01T17:31:02.220+0330","caller":"database/postgres.go:37","msg":"postgres started","AppName":"DigiMovie","LoggerType":"Zaplogger","Category":"Postgres","SubCategory":"Startup"}
{"level":"info","ts":"2025-05-01T17:32:11.929+0330","caller":"services/otp.go:52","msg":"new otp added to redis","AppName":"DigiMovie","LoggerType":"Zaplogger","Category":"Otp","SubCategory":"add"}
{"level":"info","ts":"2025-05-01T17:32:11.930+0330","caller":"handlers/user.go:46","msg":"new otp added to redis","AppName":"DigiMovie","LoggerType":"Zaplogger","Category":"Otp","SubCategory":"add"}
{"level":"info","ts":"2025-05-01T18:19:14.585+0330","caller":"database/postgres.go:37","msg":"postgres started","AppName":"DigiMovie","LoggerType":"Zaplogger","Category":"Postgres","SubCategory":"Startup"}
{"level":"info","ts":"2025-05-01T18:19:26.025+0330","caller":"services/otp.go:52","msg":"new otp added to redis","AppName":"DigiMovie","LoggerType":"Zaplogger","Category":"Otp","SubCategory":"add"}
{"level":"info","ts":"2025-05-01T18:19:26.027+0330","caller":"handlers/user.go:46","msg":"new otp added to redis","AppName":"DigiMovie","LoggerType":"Zaplogger","Category":"Otp","SubCategory":"add"}
{"level":"info","ts":"2025-05-01T18:23:34.059+0330","caller":"database/postgres.go:37","msg":"postgres started","AppName":"DigiMovie","LoggerType":"Zaplogger","Category":"Postgres","SubCategory":"Startup"}
{"level":"info","ts":"2025-05-01T18:24:12.463+0330","caller":"services/otp.go:52","msg":"new otp added to redis","AppName":"DigiMovie","LoggerType":"Zaplogger","Category":"Otp","SubCategory":"add"}
{"level":"info","ts":"2025-05-01T18:24:12.464+0330","caller":"handlers/user.go:46","msg":"new otp added to redis","AppName":"DigiMovie","LoggerType":"Zaplogger","Category":"Otp","SubCategory":"add"}
{"level":"info","ts":"2025-05-01T18:26:19.259+0330","caller":"database/postgres.go:37","msg":"postgres started","AppName":"DigiMovie","LoggerType":"Zaplogger","Category":"Postgres","SubCategory":"Startup"}
{"level":"info","ts":"2025-05-01T18:26:40.956+0330","caller":"services/otp.go:52","msg":"new otp added to redis","AppName":"DigiMovie","LoggerType":"Zaplogger","SubCategory":"add","Category":"Otp"}
{"level":"info","ts":"2025-05-01T18:26:40.957+0330","caller":"handlers/user.go:46","msg":"new otp added to redis","AppName":"DigiMovie","LoggerType":"Zaplogger","Category":"Otp","SubCategory":"add"}
